# JRE version: Java(TM) SE Runtime Environment (8.0_181-b13) (build 1.8.0_181-b13)
# Java VM: Java HotSpot(TM) 64-Bit Server VM (25.181-b13 mixed mode linux-amd64 compressed oops)
Heap:
 PSYoungGen      total 207872K, used 80021K [0x00000000f0000000, 0x0000000100000000, 0x0000000100000000)
  eden space 164864K, 25% used [0x00000000f0000000,0x00000000f2886008,0x00000000fa100000)
  from space 43008K, 89% used [0x00000000fd600000,0x00000000ffb9f430,0x0000000100000000)
  to   space 48640K, 0% used [0x00000000fa100000,0x00000000fa100000,0x00000000fd080000)
 ParOldGen       total 524288K, used 78766K [0x00000000d0000000, 0x00000000f0000000, 0x00000000f0000000)
  object space 524288K, 15% used [0x00000000d0000000,0x00000000d4ceb880,0x00000000f0000000)
 Metaspace       used 68501K, capacity 70834K, committed 71000K, reserved 1110016K
  class space    used 8682K, capacity 9502K, committed 9560K, reserved 1048576K
GC Heap History (10 events):
Event: 8.982 GC heap before
{Heap before GC invocations=25 (full 3):
 PSYoungGen      total 222720K, used 189131K [0x00000000f0000000, 0x0000000100000000, 0x0000000100000000)
  eden space 183296K, 100% used [0x00000000f0000000,0x00000000fb300000,0x00000000fb300000)
  from space 39424K, 14% used [0x00000000fb300000,0x00000000fb8b2cb0,0x00000000fd980000)
  to   space 39424K, 0% used [0x00000000fd980000,0x00000000fd980000,0x0000000100000000)
 ParOldGen       total 524288K, used 78726K [0x00000000d0000000, 0x00000000f0000000, 0x00000000f0000000)
  object space 524288K, 15% used [0x00000000d0000000,0x00000000d4ce1880,0x00000000f0000000)
 Metaspace       used 62003K, capacity 63568K, committed 63704K, reserved 1103872K
  class space    used 7875K, capacity 8387K, committed 8408K, reserved 1048576K
Event: 8.988 GC heap after
Heap after GC invocations=25 (full 3):
 PSYoungGen      total 223744K, used 9064K [0x00000000f0000000, 0x0000000100000000, 0x0000000100000000)
  eden space 184320K, 0% used [0x00000000f0000000,0x00000000f0000000,0x00000000fb400000)
  from space 39424K, 22% used [0x00000000fd980000,0x00000000fe25a258,0x0000000100000000)
  to   space 38400K, 0% used [0x00000000fb400000,0x00000000fb400000,0x00000000fd980000)
 ParOldGen       total 524288K, used 78734K [0x00000000d0000000, 0x00000000f0000000, 0x00000000f0000000)
  object space 524288K, 15% used [0x00000000d0000000,0x00000000d4ce3880,0x00000000f0000000)
 Metaspace       used 62003K, capacity 63568K, committed 63704K, reserved 1103872K
  class space    used 7875K, capacity 8387K, committed 8408K, reserved 1048576K
}
Event: 22.505 GC heap before
{Heap before GC invocations=26 (full 3):
 PSYoungGen      total 223744K, used 193384K [0x00000000f0000000, 0x0000000100000000, 0x0000000100000000)
  eden space 184320K, 100% used [0x00000000f0000000,0x00000000fb400000,0x00000000fb400000)
  from space 39424K, 22% used [0x00000000fd980000,0x00000000fe25a258,0x0000000100000000)
  to   space 38400K, 0% used [0x00000000fb400000,0x00000000fb400000,0x00000000fd980000)
 ParOldGen       total 524288K, used 78734K [0x00000000d0000000, 0x00000000f0000000, 0x00000000f0000000)
  object space 524288K, 15% used [0x00000000d0000000,0x00000000d4ce3880,0x00000000f0000000)
 Metaspace       used 63823K, capacity 65700K, committed 65880K, reserved 1105920K
  class space    used 8208K, capacity 8925K, committed 9048K, reserved 1048576K
Event: 22.511 GC heap after
Heap after GC invocations=26 (full 3):
 PSYoungGen      total 222720K, used 12903K [0x00000000f0000000, 0x0000000100000000, 0x0000000100000000)
  eden space 184320K, 0% used [0x00000000f0000000,0x00000000f0000000,0x00000000fb400000)
  from space 38400K, 33% used [0x00000000fb400000,0x00000000fc099fd8,0x00000000fd980000)
  to   space 36864K, 0% used [0x00000000fdc00000,0x00000000fdc00000,0x0000000100000000)
 ParOldGen       total 524288K, used 78742K [0x00000000d0000000, 0x00000000f0000000, 0x00000000f0000000)
  object space 524288K, 15% used [0x00000000d0000000,0x00000000d4ce5880,0x00000000f0000000)
 Metaspace       used 63823K, capacity 65700K, committed 65880K, reserved 1105920K
  class space    used 8208K, capacity 8925K, committed 9048K, reserved 1048576K
}
Event: 139.745 GC heap before
{Heap before GC invocations=27 (full 3):
 PSYoungGen      total 222720K, used 197223K [0x00000000f0000000, 0x0000000100000000, 0x0000000100000000)
  eden space 184320K, 100% used [0x00000000f0000000,0x00000000fb400000,0x00000000fb400000)
  from space 38400K, 33% used [0x00000000fb400000,0x00000000fc099fd8,0x00000000fd980000)
  to   space 36864K, 0% used [0x00000000fdc00000,0x00000000fdc00000,0x0000000100000000)
 ParOldGen       total 524288K, used 78742K [0x00000000d0000000, 0x00000000f0000000, 0x00000000f0000000)
  object space 524288K, 15% used [0x00000000d0000000,0x00000000d4ce5880,0x00000000f0000000)
 Metaspace       used 65666K, capacity 67826K, committed 67928K, reserved 1107968K
  class space    used 8465K, capacity 9260K, committed 9304K, reserved 1048576K
Event: 139.757 GC heap after
Heap after GC invocations=27 (full 3):
 PSYoungGen      total 220160K, used 27791K [0x00000000f0000000, 0x0000000100000000, 0x0000000100000000)
  eden space 183296K, 0% used [0x00000000f0000000,0x00000000f0000000,0x00000000fb300000)
  from space 36864K, 75% used [0x00000000fdc00000,0x00000000ff723d10,0x0000000100000000)
  to   space 39424K, 0% used [0x00000000fb300000,0x00000000fb300000,0x00000000fd980000)
 ParOldGen       total 524288K, used 78750K [0x00000000d0000000, 0x00000000f0000000, 0x00000000f0000000)
  object space 524288K, 15% used [0x00000000d0000000,0x00000000d4ce7880,0x00000000f0000000)
 Metaspace       used 65666K, capacity 67826K, committed 67928K, reserved 1107968K
  class space    used 8465K, capacity 9260K, committed 9304K, reserved 1048576K
}
Event: 312.678 GC heap before
{Heap before GC invocations=28 (full 3):
 PSYoungGen      total 220160K, used 211087K [0x00000000f0000000, 0x0000000100000000, 0x0000000100000000)
  eden space 183296K, 100% used [0x00000000f0000000,0x00000000fb300000,0x00000000fb300000)
  from space 36864K, 75% used [0x00000000fdc00000,0x00000000ff723d10,0x0000000100000000)
  to   space 39424K, 0% used [0x00000000fb300000,0x00000000fb300000,0x00000000fd980000)
 ParOldGen       total 524288K, used 78750K [0x00000000d0000000, 0x00000000f0000000, 0x00000000f0000000)
  object space 524288K, 15% used [0x00000000d0000000,0x00000000d4ce7880,0x00000000f0000000)
 Metaspace       used 67161K, capacity 69384K, committed 69592K, reserved 1110016K
  class space    used 8605K, capacity 9399K, committed 9432K, reserved 1048576K
Event: 312.689 GC heap after
Heap after GC invocations=28 (full 3):
 PSYoungGen      total 217088K, used 35768K [0x00000000f0000000, 0x0000000100000000, 0x0000000100000000)
  eden space 181248K, 0% used [0x00000000f0000000,0x00000000f0000000,0x00000000fb100000)
  from space 35840K, 99% used [0x00000000fb300000,0x00000000fd5ee160,0x00000000fd600000)
  to   space 43008K, 0% used [0x00000000fd600000,0x00000000fd600000,0x0000000100000000)
 ParOldGen       total 524288K, used 78758K [0x00000000d0000000, 0x00000000f0000000, 0x00000000f0000000)
  object space 524288K, 15% used [0x00000000d0000000,0x00000000d4ce9880,0x00000000f0000000)
 Metaspace       used 67161K, capacity 69384K, committed 69592K, reserved 1110016K
  class space    used 8605K, capacity 9399K, committed 9432K, reserved 1048576K
}
Event: 1095.366 GC heap before
{Heap before GC invocations=29 (full 3):
 PSYoungGen      total 217088K, used 217016K [0x00000000f0000000, 0x0000000100000000, 0x0000000100000000)
  eden space 181248K, 100% used [0x00000000f0000000,0x00000000fb100000,0x00000000fb100000)
  from space 35840K, 99% used [0x00000000fb300000,0x00000000fd5ee160,0x00000000fd600000)
  to   space 43008K, 0% used [0x00000000fd600000,0x00000000fd600000,0x0000000100000000)
 ParOldGen       total 524288K, used 78758K [0x00000000d0000000, 0x00000000f0000000, 0x00000000f0000000)
  object space 524288K, 15% used [0x00000000d0000000,0x00000000d4ce9880,0x00000000f0000000)
 Metaspace       used 68231K, capacity 70536K, committed 70744K, reserved 1110016K
  class space    used 8669K, capacity 9495K, committed 9560K, reserved 1048576K
Event: 1095.382 GC heap after
Heap after GC invocations=29 (full 3):
 PSYoungGen      total 207872K, used 38525K [0x00000000f0000000, 0x0000000100000000, 0x0000000100000000)
  eden space 164864K, 0% used [0x00000000f0000000,0x00000000f0000000,0x00000000fa100000)
  from space 43008K, 89% used [0x00000000fd600000,0x00000000ffb9f430,0x0000000100000000)
  to   space 48640K, 0% used [0x00000000fa100000,0x00000000fa100000,0x00000000fd080000)
 ParOldGen       total 524288K, used 78766K [0x00000000d0000000, 0x00000000f0000000, 0x00000000f0000000)
  object space 524288K, 15% used [0x00000000d0000000,0x00000000d4ceb880,0x00000000f0000000)
 Metaspace       used 68231K, capacity 70536K, committed 70744K, reserved 1110016K
  class space    used 8669K, capacity 9495K, committed 9560K, reserved 1048576K
}

